#
# There is insufficient memory for the Java Runtime Environment to continue.
# Native memory allocation (malloc) failed to allocate 1547696 bytes for Chunk::new
# Possible reasons:
#   The system is out of physical RAM or swap space
#   The process is running with CompressedOops enabled, and the Java Heap may be blocking the growth of the native heap
# Possible solutions:
#   Reduce memory load on the system
#   Increase physical memory or swap space
#   Check if swap backing store is full
#   Decrease Java heap size (-Xmx/-Xms)
#   Decrease number of Java threads
#   Decrease Java thread stack sizes (-Xss)
#   Set larger code cache with -XX:ReservedCodeCacheSize=
#   JVM is running with Unscaled Compressed Oops mode in which the Java heap is
#     placed in the first 4GB address space. The Java Heap base address is the
#     maximum limit for the native heap growth. Please use -XX:HeapBaseMinAddress
#     to set the Java Heap base and to place the Java Heap above 4GB virtual address.
# This output file may be truncated or incomplete.
#
#  Out of Memory Error (arena.cpp:191), pid=17092, tid=17596
#
# JRE version: OpenJDK Runtime Environment Temurin-17.0.10+7 (17.0.10+7) (build 17.0.10+7)
# Java VM: OpenJDK 64-Bit Server VM Temurin-17.0.10+7 (17.0.10+7, mixed mode, tiered, compressed oops, compressed class ptrs, parallel gc, windows-amd64)
# No core dump will be written. Minidumps are not enabled by default on client versions of Windows
#

---------------  S U M M A R Y ------------

Command Line: --add-modules=ALL-SYSTEM --add-opens=java.base/java.util=ALL-UNNAMED --add-opens=java.base/java.lang=ALL-UNNAMED --add-opens=java.base/sun.nio.fs=ALL-UNNAMED -Declipse.application=org.eclipse.jdt.ls.core.id1 -Dosgi.bundles.defaultStartLevel=4 -Declipse.product=org.eclipse.jdt.ls.core.product -Djava.import.generatesMetadataFilesAtProjectRoot=false -DDetectVMInstallationsJob.disabled=true -Dfile.encoding=utf8 -XX:+UseParallelGC -XX:GCTimeRatio=4 -XX:AdaptiveSizePolicyWeight=90 -Dsun.zip.disableMemoryMapping=true -Xmx1G -Xms100m -Xlog:disable -javaagent:c:\Users\MINEDUCYT\.vscode\extensions\redhat.java-1.30.0-win32-x64\lombok\lombok-1.18.32.jar -XX:+HeapDumpOnOutOfMemoryError -XX:HeapDumpPath=c:\Users\MINEDUCYT\AppData\Roaming\Code\User\workspaceStorage\4d20c79c3bc39e2680017df2db25c2d1\redhat.java -Daether.dependencyCollector.impl=bf c:\Users\MINEDUCYT\.vscode\extensions\redhat.java-1.30.0-win32-x64\server\plugins\org.eclipse.equinox.launcher_1.6.800.v20240330-1250.jar -configuration c:\Users\MINEDUCYT\AppData\Roaming\Code\User\globalStorage\redhat.java\1.30.0\config_win -data c:\Users\MINEDUCYT\AppData\Roaming\Code\User\workspaceStorage\4d20c79c3bc39e2680017df2db25c2d1\redhat.java\jdt_ws --pipe=\\.\pipe\lsp-3a321d595ea50415e8f1c52b5b20983a-sock

Host: Intel(R) Celeron(R) N4120 CPU @ 1.10GHz, 4 cores, 3G,  Windows 11 , 64 bit Build 22000 (10.0.22000.1880)
Time: Wed May 29 11:17:58 2024 Hora estándar, América Central elapsed time: 167.095639 seconds (0d 0h 2m 47s)

---------------  T H R E A D  ---------------

Current thread (0x000001b37b8a4da0):  JavaThread "C2 CompilerThread0" daemon [_thread_in_native, id=17596, stack(0x00000073d5d00000,0x00000073d5e00000)]


Current CompileTask:
C2: 167095 9773       4       org.eclipse.jdt.internal.compiler.classfmt.ModuleInfo::readModuleAttribute (1166 bytes)

Stack: [0x00000073d5d00000,0x00000073d5e00000]
Native frames: (J=compiled Java code, j=interpreted, Vv=VM code, C=native code)
V  [jvm.dll+0x67d2c9]
V  [jvm.dll+0x834afa]
V  [jvm.dll+0x8365be]
V  [jvm.dll+0x836c23]
V  [jvm.dll+0x2477ff]
V  [jvm.dll+0xac514]
V  [jvm.dll+0xacb5c]
V  [jvm.dll+0x2aed1f]
V  [jvm.dll+0x584b67]
V  [jvm.dll+0x2228a2]
V  [jvm.dll+0x222c8f]
V  [jvm.dll+0x21bdb6]
V  [jvm.dll+0x219201]
V  [jvm.dll+0x1a502d]
V  [jvm.dll+0x2290de]
V  [jvm.dll+0x2272ac]
V  [jvm.dll+0x7e9bb7]
V  [jvm.dll+0x7e3fba]
V  [jvm.dll+0x67c1b5]
C  [ucrtbase.dll+0x26c0c]
C  [KERNEL32.DLL+0x155a0]
C  [ntdll.dll+0x485b]


---------------  P R O C E S S  ---------------

Threads class SMR info:
_java_thread_list=0x000001b317ec2ae0, length=37, elements={
0x000001b376a20180, 0x000001b37b866020, 0x000001b37b8683b0, 0x000001b37b8a0520,
0x000001b37b8a0df0, 0x000001b37b8a18c0, 0x000001b37b8a41a0, 0x000001b37b8a4da0,
0x000001b31419c770, 0x000001b31419f7e0, 0x000001b314231250, 0x000001b31447fc00,
0x000001b314b0bdc0, 0x000001b314caa450, 0x000001b314caad40, 0x000001b3151d5bc0,
0x000001b3150af830, 0x000001b3150b7880, 0x000001b3150b7370, 0x000001b3150b4af0,
0x000001b3150b45e0, 0x000001b3150b6440, 0x000001b3150b5000, 0x000001b3150b5f30,
0x000001b3150b6e60, 0x000001b31698eec0, 0x000001b31698d570, 0x000001b316990300,
0x000001b31698b710, 0x000001b31698cb50, 0x000001b31698fdf0, 0x000001b31698bc20,
0x000001b31698da80, 0x000001b3169893a0, 0x000001b316990810, 0x000001b31698c640,
0x000001b31698e4a0
}

Java Threads: ( => current thread )
  0x000001b376a20180 JavaThread "main" [_thread_blocked, id=15908, stack(0x00000073d5300000,0x00000073d5400000)]
  0x000001b37b866020 JavaThread "Reference Handler" daemon [_thread_blocked, id=10844, stack(0x00000073d5700000,0x00000073d5800000)]
  0x000001b37b8683b0 JavaThread "Finalizer" daemon [_thread_blocked, id=14016, stack(0x00000073d5800000,0x00000073d5900000)]
  0x000001b37b8a0520 JavaThread "Signal Dispatcher" daemon [_thread_blocked, id=18036, stack(0x00000073d5900000,0x00000073d5a00000)]
  0x000001b37b8a0df0 JavaThread "Attach Listener" daemon [_thread_blocked, id=17764, stack(0x00000073d5a00000,0x00000073d5b00000)]
  0x000001b37b8a18c0 JavaThread "Service Thread" daemon [_thread_blocked, id=16860, stack(0x00000073d5b00000,0x00000073d5c00000)]
  0x000001b37b8a41a0 JavaThread "Monitor Deflation Thread" daemon [_thread_blocked, id=2848, stack(0x00000073d5c00000,0x00000073d5d00000)]
=>0x000001b37b8a4da0 JavaThread "C2 CompilerThread0" daemon [_thread_in_native, id=17596, stack(0x00000073d5d00000,0x00000073d5e00000)]
  0x000001b31419c770 JavaThread "C1 CompilerThread0" daemon [_thread_blocked, id=11964, stack(0x00000073d5f00000,0x00000073d6000000)]
  0x000001b31419f7e0 JavaThread "Sweeper thread" daemon [_thread_blocked, id=9248, stack(0x00000073d6000000,0x00000073d6100000)]
  0x000001b314231250 JavaThread "Common-Cleaner" daemon [_thread_blocked, id=908, stack(0x00000073d6100000,0x00000073d6200000)]
  0x000001b31447fc00 JavaThread "Notification Thread" daemon [_thread_blocked, id=6180, stack(0x00000073d6200000,0x00000073d6300000)]
  0x000001b314b0bdc0 JavaThread "Active Thread: Equinox Container: cc1437ed-1c36-4050-ac45-0e5683167ebe" [_thread_blocked, id=15904, stack(0x00000073d6700000,0x00000073d6800000)]
  0x000001b314caa450 JavaThread "Framework Event Dispatcher: Equinox Container: cc1437ed-1c36-4050-ac45-0e5683167ebe" daemon [_thread_blocked, id=14420, stack(0x00000073d6800000,0x00000073d6900000)]
  0x000001b314caad40 JavaThread "Start Level: Equinox Container: cc1437ed-1c36-4050-ac45-0e5683167ebe" daemon [_thread_blocked, id=6104, stack(0x00000073d6900000,0x00000073d6a00000)]
  0x000001b3151d5bc0 JavaThread "Bundle File Closer" daemon [_thread_blocked, id=16244, stack(0x00000073d6a00000,0x00000073d6b00000)]
  0x000001b3150af830 JavaThread "SCR Component Actor" daemon [_thread_blocked, id=17364, stack(0x00000073d6b00000,0x00000073d6c00000)]
  0x000001b3150b7880 JavaThread "Worker-JM" [_thread_blocked, id=18020, stack(0x00000073d6d00000,0x00000073d6e00000)]
  0x000001b3150b7370 JavaThread "Worker-0" [_thread_blocked, id=17204, stack(0x00000073d6e00000,0x00000073d6f00000)]
  0x000001b3150b4af0 JavaThread "Worker-1" [_thread_blocked, id=3020, stack(0x00000073d6f00000,0x00000073d7000000)]
  0x000001b3150b45e0 JavaThread "Worker-2" [_thread_blocked, id=1120, stack(0x00000073d7000000,0x00000073d7100000)]
  0x000001b3150b6440 JavaThread "Java indexing" daemon [_thread_blocked, id=4028, stack(0x00000073d6c00000,0x00000073d6d00000)]
  0x000001b3150b5000 JavaThread "Worker-3" [_thread_blocked, id=10876, stack(0x00000073d7100000,0x00000073d7200000)]
  0x000001b3150b5f30 JavaThread "JNA Cleaner" daemon [_thread_blocked, id=16360, stack(0x00000073d7200000,0x00000073d7300000)]
  0x000001b3150b6e60 JavaThread "Thread-2" daemon [_thread_in_native, id=10476, stack(0x00000073d7500000,0x00000073d7600000)]
  0x000001b31698eec0 JavaThread "Thread-3" daemon [_thread_in_native, id=16804, stack(0x00000073d7600000,0x00000073d7700000)]
  0x000001b31698d570 JavaThread "Thread-4" daemon [_thread_in_native, id=14752, stack(0x00000073d7700000,0x00000073d7800000)]
  0x000001b316990300 JavaThread "Thread-5" daemon [_thread_in_native, id=12028, stack(0x00000073d7800000,0x00000073d7900000)]
  0x000001b31698b710 JavaThread "Thread-6" daemon [_thread_in_native, id=9456, stack(0x00000073d7900000,0x00000073d7a00000)]
  0x000001b31698cb50 JavaThread "pool-2-thread-1" [_thread_blocked, id=15696, stack(0x00000073d7a00000,0x00000073d7b00000)]
  0x000001b31698fdf0 JavaThread "WorkspaceEventsHandler" [_thread_blocked, id=5860, stack(0x00000073d7b00000,0x00000073d7c00000)]
  0x000001b31698bc20 JavaThread "pool-1-thread-1" [_thread_blocked, id=16096, stack(0x00000073d7c00000,0x00000073d7d00000)]
  0x000001b31698da80 JavaThread "Worker-4" [_thread_blocked, id=1980, stack(0x00000073d7d00000,0x00000073d7e00000)]
  0x000001b3169893a0 JavaThread "ForkJoinPool.commonPool-worker-1" daemon [_thread_blocked, id=3240, stack(0x00000073d5200000,0x00000073d5300000)]
  0x000001b316990810 JavaThread "ForkJoinPool.commonPool-worker-2" daemon [_thread_blocked, id=3004, stack(0x00000073d7e00000,0x00000073d7f00000)]
  0x000001b31698c640 JavaThread "ForkJoinPool.commonPool-worker-3" daemon [_thread_blocked, id=7192, stack(0x00000073d7f00000,0x00000073d8000000)]
  0x000001b31698e4a0 JavaThread "Cleaner-0" daemon [_thread_blocked, id=14836, stack(0x00000073d8200000,0x00000073d8300000)]

Other Threads:
  0x000001b37b850200 VMThread "VM Thread" [stack: 0x00000073d5600000,0x00000073d5700000] [id=9208]
  0x000001b314464840 WatcherThread [stack: 0x00000073d6300000,0x00000073d6400000] [id=3132]
  0x000001b376a366c0 GCTaskThread "GC Thread#0" [stack: 0x00000073d5500000,0x00000073d5600000] [id=17088]
  0x000001b31471b5a0 GCTaskThread "GC Thread#1" [stack: 0x00000073d6400000,0x00000073d6500000] [id=8356]
  0x000001b3147f45d0 GCTaskThread "GC Thread#2" [stack: 0x00000073d6500000,0x00000073d6600000] [id=4008]
  0x000001b3147f4890 GCTaskThread "GC Thread#3" [stack: 0x00000073d6600000,0x00000073d6700000] [id=14800]

Threads with active compile tasks:
C2 CompilerThread0   167152 9773       4       org.eclipse.jdt.internal.compiler.classfmt.ModuleInfo::readModuleAttribute (1166 bytes)

VM state: not at safepoint (normal execution)

VM Mutex/Monitor currently owned by a thread: None

Heap address: 0x00000000c0000000, size: 1024 MB, Compressed Oops mode: 32-bit

CDS archive(s) not mapped
Compressed class space mapped at: 0x0000000100000000-0x0000000140000000, reserved size: 1073741824
Narrow klass base: 0x0000000000000000, Narrow klass shift: 3, Narrow klass range: 0x140000000

GC Precious Log:
 CPUs: 4 total, 4 available
 Memory: 3917M
 Large Page Support: Disabled
 NUMA Support: Disabled
 Compressed Oops: Enabled (32-bit)
 Alignments: Space 512K, Generation 512K, Heap 2M
 Heap Min Capacity: 100M
 Heap Initial Capacity: 100M
 Heap Max Capacity: 1G
 Pre-touch: Disabled
 Parallel Workers: 4

Heap:
 PSYoungGen      total 8192K, used 4115K [0x00000000eab00000, 0x00000000ec180000, 0x0000000100000000)
  eden space 5632K, 33% used [0x00000000eab00000,0x00000000eacdc8a8,0x00000000eb080000)
  from space 2560K, 86% used [0x00000000eb080000,0x00000000eb2a8428,0x00000000eb300000)
  to   space 7168K, 0% used [0x00000000eba80000,0x00000000eba80000,0x00000000ec180000)
 ParOldGen       total 403456K, used 384370K [0x00000000c0000000, 0x00000000d8a00000, 0x00000000eab00000)
  object space 403456K, 95% used [0x00000000c0000000,0x00000000d775cad0,0x00000000d8a00000)
 Metaspace       used 71453K, committed 72640K, reserved 1114112K
  class space    used 7560K, committed 8128K, reserved 1048576K

Card table byte_map: [0x000001b3763c0000,0x000001b3765d0000] _byte_map_base: 0x000001b375dc0000

Marking Bits: (ParMarkBitMap*) 0x00007ffaf458d7d0
 Begin Bits: [0x000001b3796c0000, 0x000001b37a6c0000)
 End Bits:   [0x000001b37a6c0000, 0x000001b37b6c0000)

Polling page: 0x000001b3748c0000

Metaspace:

Usage:
  Non-class:     62.40 MB used.
      Class:      7.38 MB used.
       Both:     69.78 MB used.

Virtual space:
  Non-class space:       64.00 MB reserved,      63.00 MB ( 98%) committed,  1 nodes.
      Class space:        1.00 GB reserved,       7.94 MB ( <1%) committed,  1 nodes.
             Both:        1.06 GB reserved,      70.94 MB (  7%) committed. 

Chunk freelists:
   Non-Class:  848.00 KB
       Class:  8.01 MB
        Both:  8.84 MB

MaxMetaspaceSize: unlimited
CompressedClassSpaceSize: 1.00 GB
Initial GC threshold: 21.00 MB
Current GC threshold: 118.06 MB
CDS: off
MetaspaceReclaimPolicy: balanced
 - commit_granule_bytes: 65536.
 - commit_granule_words: 8192.
 - virtual_space_node_default_size: 8388608.
 - enlarge_chunks_in_place: 1.
 - new_chunks_are_fully_committed: 0.
 - uncommit_free_chunks: 1.
 - use_allocation_guard: 0.
 - handle_deallocations: 1.


Internal statistics:

num_allocs_failed_limit: 9.
num_arena_births: 748.
num_arena_deaths: 28.
num_vsnodes_births: 2.
num_vsnodes_deaths: 0.
num_space_committed: 1135.
num_space_uncommitted: 0.
num_chunks_returned_to_freelist: 38.
num_chunks_taken_from_freelist: 3673.
num_chunk_merges: 16.
num_chunk_splits: 2294.
num_chunks_enlarged: 1349.
num_inconsistent_stats: 0.

CodeHeap 'non-profiled nmethods': size=120000Kb used=5357Kb max_used=6510Kb free=114642Kb
 bounds [0x000001b307ad0000, 0x000001b308130000, 0x000001b30f000000]
CodeHeap 'profiled nmethods': size=120000Kb used=15915Kb max_used=17707Kb free=104084Kb
 bounds [0x000001b300000000, 0x000001b301150000, 0x000001b307530000]
CodeHeap 'non-nmethods': size=5760Kb used=1373Kb max_used=1447Kb free=4386Kb
 bounds [0x000001b307530000, 0x000001b3077a0000, 0x000001b307ad0000]
 total_blobs=8551 nmethods=7820 adapters=645
 compilation: enabled
              stopped_count=0, restarted_count=0
 full_count=0

Compilation events (20 events):
Event: 166.690 Thread 0x000001b31419c770 9782       3       org.eclipse.jdt.internal.core.JrtPackageFragmentRoot::<init> (15 bytes)
Event: 166.692 Thread 0x000001b31419c770 nmethod 9782 0x000001b30073db90 code [0x000001b30073dd40, 0x000001b30073dec8]
Event: 166.695 Thread 0x000001b31419c770 9783       1       org.eclipse.jdt.core.SourceRange::getLength (5 bytes)
Event: 166.696 Thread 0x000001b31419c770 nmethod 9783 0x000001b308007c90 code [0x000001b308007e20, 0x000001b308007ef8]
Event: 166.697 Thread 0x000001b31419c770 9784       3       java.util.Map::getOrDefault (28 bytes)
Event: 166.697 Thread 0x000001b31419c770 nmethod 9784 0x000001b300720810 code [0x000001b3007209c0, 0x000001b300720d18]
Event: 166.714 Thread 0x000001b31419c770 9785       1       org.eclipse.text.edits.TextEdit::getLength (5 bytes)
Event: 166.714 Thread 0x000001b31419c770 nmethod 9785 0x000001b307de3e90 code [0x000001b307de4020, 0x000001b307de40f8]
Event: 166.714 Thread 0x000001b31419c770 9786       3       org.eclipse.jface.text.TreeLineTracker::setChild (60 bytes)
Event: 166.715 Thread 0x000001b31419c770 nmethod 9786 0x000001b30039f010 code [0x000001b30039f1c0, 0x000001b30039f5b8]
Event: 166.718 Thread 0x000001b31419c770 9787       3       org.eclipse.core.internal.resources.ProjectDescription::hasNature (47 bytes)
Event: 166.719 Thread 0x000001b31419c770 nmethod 9787 0x000001b300356c90 code [0x000001b300356e60, 0x000001b3003571e8]
Event: 166.719 Thread 0x000001b31419c770 9788       3       org.eclipse.core.internal.resources.Project::hasNature (36 bytes)
Event: 166.721 Thread 0x000001b31419c770 nmethod 9788 0x000001b300cb3890 code [0x000001b300cb3ac0, 0x000001b300cb4468]
Event: 166.721 Thread 0x000001b31419c770 9789       1       org.eclipse.lsp4j.CodeAction::setData (6 bytes)
Event: 166.721 Thread 0x000001b31419c770 nmethod 9789 0x000001b307de3b90 code [0x000001b307de3d20, 0x000001b307de3df8]
Event: 166.722 Thread 0x000001b31419c770 9790       3       java.util.stream.MatchOps$1MatchSink::accept (44 bytes)
Event: 166.723 Thread 0x000001b31419c770 nmethod 9790 0x000001b300222790 code [0x000001b300222940, 0x000001b300222ba8]
Event: 166.724 Thread 0x000001b31419c770 9791       3       org.eclipse.jdt.internal.corext.fix.VariableDeclarationFixCore$WrittenNamesFinder::visit (125 bytes)
Event: 166.730 Thread 0x000001b31419c770 nmethod 9791 0x000001b300cbaf90 code [0x000001b300cbb2a0, 0x000001b300cbcb28]

GC Heap History (20 events):
Event: 107.900 GC heap before
{Heap before GC invocations=403 (full 17):
 PSYoungGen      total 8704K, used 7843K [0x00000000eab00000, 0x00000000eba80000, 0x0000000100000000)
  eden space 4096K, 90% used [0x00000000eab00000,0x00000000eaea2100,0x00000000eaf00000)
  from space 4608K, 89% used [0x00000000eaf00000,0x00000000eb306c68,0x00000000eb380000)
  to   space 5632K, 0% used [0x00000000eb500000,0x00000000eb500000,0x00000000eba80000)
 ParOldGen       total 380928K, used 350297K [0x00000000c0000000, 0x00000000d7400000, 0x00000000eab00000)
  object space 380928K, 91% used [0x00000000c0000000,0x00000000d5616570,0x00000000d7400000)
 Metaspace       used 71309K, committed 72512K, reserved 1114112K
  class space    used 7552K, committed 8128K, reserved 1048576K
}
Event: 107.914 GC heap after
{Heap after GC invocations=403 (full 17):
 PSYoungGen      total 9216K, used 3783K [0x00000000eab00000, 0x00000000eb900000, 0x0000000100000000)
  eden space 5120K, 0% used [0x00000000eab00000,0x00000000eab00000,0x00000000eb000000)
  from space 4096K, 92% used [0x00000000eb500000,0x00000000eb8b1cc0,0x00000000eb900000)
  to   space 4096K, 0% used [0x00000000eb100000,0x00000000eb100000,0x00000000eb500000)
 ParOldGen       total 380928K, used 354382K [0x00000000c0000000, 0x00000000d7400000, 0x00000000eab00000)
  object space 380928K, 93% used [0x00000000c0000000,0x00000000d5a13bf8,0x00000000d7400000)
 Metaspace       used 71309K, committed 72512K, reserved 1114112K
  class space    used 7552K, committed 8128K, reserved 1048576K
}
Event: 108.183 GC heap before
{Heap before GC invocations=404 (full 17):
 PSYoungGen      total 9216K, used 8903K [0x00000000eab00000, 0x00000000eb900000, 0x0000000100000000)
  eden space 5120K, 100% used [0x00000000eab00000,0x00000000eb000000,0x00000000eb000000)
  from space 4096K, 92% used [0x00000000eb500000,0x00000000eb8b1cc0,0x00000000eb900000)
  to   space 4096K, 0% used [0x00000000eb100000,0x00000000eb100000,0x00000000eb500000)
 ParOldGen       total 380928K, used 354382K [0x00000000c0000000, 0x00000000d7400000, 0x00000000eab00000)
  object space 380928K, 93% used [0x00000000c0000000,0x00000000d5a13bf8,0x00000000d7400000)
 Metaspace       used 71309K, committed 72512K, reserved 1114112K
  class space    used 7552K, committed 8128K, reserved 1048576K
}
Event: 108.199 GC heap after
{Heap after GC invocations=404 (full 17):
 PSYoungGen      total 9728K, used 4075K [0x00000000eab00000, 0x00000000ec380000, 0x0000000100000000)
  eden space 5632K, 0% used [0x00000000eab00000,0x00000000eab00000,0x00000000eb080000)
  from space 4096K, 99% used [0x00000000eb100000,0x00000000eb4fac90,0x00000000eb500000)
  to   space 9728K, 0% used [0x00000000eba00000,0x00000000eba00000,0x00000000ec380000)
 ParOldGen       total 380928K, used 359134K [0x00000000c0000000, 0x00000000d7400000, 0x00000000eab00000)
  object space 380928K, 94% used [0x00000000c0000000,0x00000000d5eb78b8,0x00000000d7400000)
 Metaspace       used 71309K, committed 72512K, reserved 1114112K
  class space    used 7552K, committed 8128K, reserved 1048576K
}
Event: 108.407 GC heap before
{Heap before GC invocations=405 (full 17):
 PSYoungGen      total 9728K, used 9707K [0x00000000eab00000, 0x00000000ec380000, 0x0000000100000000)
  eden space 5632K, 100% used [0x00000000eab00000,0x00000000eb080000,0x00000000eb080000)
  from space 4096K, 99% used [0x00000000eb100000,0x00000000eb4fac90,0x00000000eb500000)
  to   space 9728K, 0% used [0x00000000eba00000,0x00000000eba00000,0x00000000ec380000)
 ParOldGen       total 380928K, used 359134K [0x00000000c0000000, 0x00000000d7400000, 0x00000000eab00000)
  object space 380928K, 94% used [0x00000000c0000000,0x00000000d5eb78b8,0x00000000d7400000)
 Metaspace       used 71309K, committed 72512K, reserved 1114112K
  class space    used 7552K, committed 8128K, reserved 1048576K
}
Event: 108.427 GC heap after
{Heap after GC invocations=405 (full 17):
 PSYoungGen      total 12800K, used 5658K [0x00000000eab00000, 0x00000000ec000000, 0x0000000100000000)
  eden space 6656K, 0% used [0x00000000eab00000,0x00000000eab00000,0x00000000eb180000)
  from space 6144K, 92% used [0x00000000eba00000,0x00000000ebf86ba8,0x00000000ec000000)
  to   space 7168K, 0% used [0x00000000eb200000,0x00000000eb200000,0x00000000eb900000)
 ParOldGen       total 380928K, used 363215K [0x00000000c0000000, 0x00000000d7400000, 0x00000000eab00000)
  object space 380928K, 95% used [0x00000000c0000000,0x00000000d62b3e78,0x00000000d7400000)
 Metaspace       used 71309K, committed 72512K, reserved 1114112K
  class space    used 7552K, committed 8128K, reserved 1048576K
}
Event: 108.739 GC heap before
{Heap before GC invocations=406 (full 17):
 PSYoungGen      total 12800K, used 12314K [0x00000000eab00000, 0x00000000ec000000, 0x0000000100000000)
  eden space 6656K, 100% used [0x00000000eab00000,0x00000000eb180000,0x00000000eb180000)
  from space 6144K, 92% used [0x00000000eba00000,0x00000000ebf86ba8,0x00000000ec000000)
  to   space 7168K, 0% used [0x00000000eb200000,0x00000000eb200000,0x00000000eb900000)
 ParOldGen       total 380928K, used 363215K [0x00000000c0000000, 0x00000000d7400000, 0x00000000eab00000)
  object space 380928K, 95% used [0x00000000c0000000,0x00000000d62b3e78,0x00000000d7400000)
 Metaspace       used 71309K, committed 72512K, reserved 1114112K
  class space    used 7552K, committed 8128K, reserved 1048576K
}
Event: 108.762 GC heap after
{Heap after GC invocations=406 (full 17):
 PSYoungGen      total 14336K, used 7144K [0x00000000eab00000, 0x00000000ecd80000, 0x0000000100000000)
  eden space 7168K, 0% used [0x00000000eab00000,0x00000000eab00000,0x00000000eb200000)
  from space 7168K, 99% used [0x00000000eb200000,0x00000000eb8fa358,0x00000000eb900000)
  to   space 13824K, 0% used [0x00000000ec000000,0x00000000ec000000,0x00000000ecd80000)
 ParOldGen       total 380928K, used 368319K [0x00000000c0000000, 0x00000000d7400000, 0x00000000eab00000)
  object space 380928K, 96% used [0x00000000c0000000,0x00000000d67afdc0,0x00000000d7400000)
 Metaspace       used 71309K, committed 72512K, reserved 1114112K
  class space    used 7552K, committed 8128K, reserved 1048576K
}
Event: 109.248 GC heap before
{Heap before GC invocations=407 (full 17):
 PSYoungGen      total 14336K, used 14312K [0x00000000eab00000, 0x00000000ecd80000, 0x0000000100000000)
  eden space 7168K, 100% used [0x00000000eab00000,0x00000000eb200000,0x00000000eb200000)
  from space 7168K, 99% used [0x00000000eb200000,0x00000000eb8fa358,0x00000000eb900000)
  to   space 13824K, 0% used [0x00000000ec000000,0x00000000ec000000,0x00000000ecd80000)
 ParOldGen       total 380928K, used 368319K [0x00000000c0000000, 0x00000000d7400000, 0x00000000eab00000)
  object space 380928K, 96% used [0x00000000c0000000,0x00000000d67afdc0,0x00000000d7400000)
 Metaspace       used 71332K, committed 72576K, reserved 1114112K
  class space    used 7552K, committed 8128K, reserved 1048576K
}
Event: 109.268 GC heap after
{Heap after GC invocations=407 (full 17):
 PSYoungGen      total 15360K, used 6779K [0x00000000eab00000, 0x00000000ec700000, 0x0000000100000000)
  eden space 8192K, 0% used [0x00000000eab00000,0x00000000eab00000,0x00000000eb300000)
  from space 7168K, 94% used [0x00000000ec000000,0x00000000ec69ec08,0x00000000ec700000)
  to   space 9216K, 0% used [0x00000000eb500000,0x00000000eb500000,0x00000000ebe00000)
 ParOldGen       total 380928K, used 375383K [0x00000000c0000000, 0x00000000d7400000, 0x00000000eab00000)
  object space 380928K, 98% used [0x00000000c0000000,0x00000000d6e95ee0,0x00000000d7400000)
 Metaspace       used 71332K, committed 72576K, reserved 1114112K
  class space    used 7552K, committed 8128K, reserved 1048576K
}
Event: 109.268 GC heap before
{Heap before GC invocations=408 (full 18):
 PSYoungGen      total 15360K, used 6779K [0x00000000eab00000, 0x00000000ec700000, 0x0000000100000000)
  eden space 8192K, 0% used [0x00000000eab00000,0x00000000eab00000,0x00000000eb300000)
  from space 7168K, 94% used [0x00000000ec000000,0x00000000ec69ec08,0x00000000ec700000)
  to   space 9216K, 0% used [0x00000000eb500000,0x00000000eb500000,0x00000000ebe00000)
 ParOldGen       total 380928K, used 375383K [0x00000000c0000000, 0x00000000d7400000, 0x00000000eab00000)
  object space 380928K, 98% used [0x00000000c0000000,0x00000000d6e95ee0,0x00000000d7400000)
 Metaspace       used 71332K, committed 72576K, reserved 1114112K
  class space    used 7552K, committed 8128K, reserved 1048576K
}
Event: 109.695 GC heap after
{Heap after GC invocations=408 (full 18):
 PSYoungGen      total 9728K, used 0K [0x00000000eab00000, 0x00000000ec600000, 0x0000000100000000)
  eden space 9216K, 0% used [0x00000000eab00000,0x00000000eab00000,0x00000000eb400000)
  from space 512K, 0% used [0x00000000eb500000,0x00000000eb500000,0x00000000eb580000)
  to   space 9216K, 0% used [0x00000000ebd00000,0x00000000ebd00000,0x00000000ec600000)
 ParOldGen       total 403456K, used 365417K [0x00000000c0000000, 0x00000000d8a00000, 0x00000000eab00000)
  object space 403456K, 90% used [0x00000000c0000000,0x00000000d64da5d0,0x00000000d8a00000)
 Metaspace       used 71332K, committed 72576K, reserved 1114112K
  class space    used 7552K, committed 8128K, reserved 1048576K
}
Event: 112.751 GC heap before
{Heap before GC invocations=409 (full 18):
 PSYoungGen      total 9728K, used 9216K [0x00000000eab00000, 0x00000000ec600000, 0x0000000100000000)
  eden space 9216K, 100% used [0x00000000eab00000,0x00000000eb400000,0x00000000eb400000)
  from space 512K, 0% used [0x00000000eb500000,0x00000000eb500000,0x00000000eb580000)
  to   space 9216K, 0% used [0x00000000ebd00000,0x00000000ebd00000,0x00000000ec600000)
 ParOldGen       total 403456K, used 365417K [0x00000000c0000000, 0x00000000d8a00000, 0x00000000eab00000)
  object space 403456K, 90% used [0x00000000c0000000,0x00000000d64da5d0,0x00000000d8a00000)
 Metaspace       used 71398K, committed 72576K, reserved 1114112K
  class space    used 7557K, committed 8128K, reserved 1048576K
}
Event: 112.771 GC heap after
{Heap after GC invocations=409 (full 18):
 PSYoungGen      total 16384K, used 6053K [0x00000000eab00000, 0x00000000ec300000, 0x0000000100000000)
  eden space 10240K, 0% used [0x00000000eab00000,0x00000000eab00000,0x00000000eb500000)
  from space 6144K, 98% used [0x00000000ebd00000,0x00000000ec2e94e0,0x00000000ec300000)
  to   space 6656K, 0% used [0x00000000eb600000,0x00000000eb600000,0x00000000ebc80000)
 ParOldGen       total 403456K, used 365417K [0x00000000c0000000, 0x00000000d8a00000, 0x00000000eab00000)
  object space 403456K, 90% used [0x00000000c0000000,0x00000000d64da5d0,0x00000000d8a00000)
 Metaspace       used 71398K, committed 72576K, reserved 1114112K
  class space    used 7557K, committed 8128K, reserved 1048576K
}
Event: 112.812 GC heap before
{Heap before GC invocations=410 (full 18):
 PSYoungGen      total 16384K, used 16293K [0x00000000eab00000, 0x00000000ec300000, 0x0000000100000000)
  eden space 10240K, 100% used [0x00000000eab00000,0x00000000eb500000,0x00000000eb500000)
  from space 6144K, 98% used [0x00000000ebd00000,0x00000000ec2e94e0,0x00000000ec300000)
  to   space 6656K, 0% used [0x00000000eb600000,0x00000000eb600000,0x00000000ebc80000)
 ParOldGen       total 403456K, used 365417K [0x00000000c0000000, 0x00000000d8a00000, 0x00000000eab00000)
  object space 403456K, 90% used [0x00000000c0000000,0x00000000d64da5d0,0x00000000d8a00000)
 Metaspace       used 71404K, committed 72640K, reserved 1114112K
  class space    used 7558K, committed 8128K, reserved 1048576K
}
Event: 112.831 GC heap after
{Heap after GC invocations=410 (full 18):
 PSYoungGen      total 17920K, used 6633K [0x00000000eab00000, 0x00000000ecc00000, 0x0000000100000000)
  eden space 11264K, 0% used [0x00000000eab00000,0x00000000eab00000,0x00000000eb600000)
  from space 6656K, 99% used [0x00000000eb600000,0x00000000ebc7a738,0x00000000ebc80000)
  to   space 11264K, 0% used [0x00000000ec100000,0x00000000ec100000,0x00000000ecc00000)
 ParOldGen       total 403456K, used 369241K [0x00000000c0000000, 0x00000000d8a00000, 0x00000000eab00000)
  object space 403456K, 91% used [0x00000000c0000000,0x00000000d68965d0,0x00000000d8a00000)
 Metaspace       used 71404K, committed 72640K, reserved 1114112K
  class space    used 7558K, committed 8128K, reserved 1048576K
}
Event: 112.925 GC heap before
{Heap before GC invocations=411 (full 18):
 PSYoungGen      total 17920K, used 17897K [0x00000000eab00000, 0x00000000ecc00000, 0x0000000100000000)
  eden space 11264K, 100% used [0x00000000eab00000,0x00000000eb600000,0x00000000eb600000)
  from space 6656K, 99% used [0x00000000eb600000,0x00000000ebc7a738,0x00000000ebc80000)
  to   space 11264K, 0% used [0x00000000ec100000,0x00000000ec100000,0x00000000ecc00000)
 ParOldGen       total 403456K, used 369241K [0x00000000c0000000, 0x00000000d8a00000, 0x00000000eab00000)
  object space 403456K, 91% used [0x00000000c0000000,0x00000000d68965d0,0x00000000d8a00000)
 Metaspace       used 71427K, committed 72640K, reserved 1114112K
  class space    used 7558K, committed 8128K, reserved 1048576K
}
Event: 112.944 GC heap after
{Heap after GC invocations=411 (full 18):
 PSYoungGen      total 16896K, used 11249K [0x00000000eab00000, 0x00000000ed880000, 0x0000000100000000)
  eden space 5632K, 0% used [0x00000000eab00000,0x00000000eab00000,0x00000000eb080000)
  from space 11264K, 99% used [0x00000000ec100000,0x00000000ecbfc458,0x00000000ecc00000)
  to   space 16896K, 0% used [0x00000000eb080000,0x00000000eb080000,0x00000000ec100000)
 ParOldGen       total 403456K, used 373354K [0x00000000c0000000, 0x00000000d8a00000, 0x00000000eab00000)
  object space 403456K, 92% used [0x00000000c0000000,0x00000000d6c9ab78,0x00000000d8a00000)
 Metaspace       used 71427K, committed 72640K, reserved 1114112K
  class space    used 7558K, committed 8128K, reserved 1048576K
}
Event: 146.497 GC heap before
{Heap before GC invocations=412 (full 18):
 PSYoungGen      total 16896K, used 16881K [0x00000000eab00000, 0x00000000ed880000, 0x0000000100000000)
  eden space 5632K, 100% used [0x00000000eab00000,0x00000000eb080000,0x00000000eb080000)
  from space 11264K, 99% used [0x00000000ec100000,0x00000000ecbfc458,0x00000000ecc00000)
  to   space 16896K, 0% used [0x00000000eb080000,0x00000000eb080000,0x00000000ec100000)
 ParOldGen       total 403456K, used 373354K [0x00000000c0000000, 0x00000000d8a00000, 0x00000000eab00000)
  object space 403456K, 92% used [0x00000000c0000000,0x00000000d6c9ab78,0x00000000d8a00000)
 Metaspace       used 71441K, committed 72640K, reserved 1114112K
  class space    used 7560K, committed 8128K, reserved 1048576K
}
Event: 146.523 GC heap after
{Heap after GC invocations=412 (full 18):
 PSYoungGen      total 8192K, used 2209K [0x00000000eab00000, 0x00000000ec180000, 0x0000000100000000)
  eden space 5632K, 0% used [0x00000000eab00000,0x00000000eab00000,0x00000000eb080000)
  from space 2560K, 86% used [0x00000000eb080000,0x00000000eb2a8428,0x00000000eb300000)
  to   space 7168K, 0% used [0x00000000eba80000,0x00000000eba80000,0x00000000ec180000)
 ParOldGen       total 403456K, used 384370K [0x00000000c0000000, 0x00000000d8a00000, 0x00000000eab00000)
  object space 403456K, 95% used [0x00000000c0000000,0x00000000d775cad0,0x00000000d8a00000)
 Metaspace       used 71441K, committed 72640K, reserved 1114112K
  class space    used 7560K, committed 8128K, reserved 1048576K
}

Dll operation events (11 events):
Event: 0.252 Loaded shared library c:\Users\MINEDUCYT\.vscode\extensions\redhat.java-1.30.0-win32-x64\jre\17.0.10-win32-x86_64\bin\java.dll
Event: 2.545 Loaded shared library c:\Users\MINEDUCYT\.vscode\extensions\redhat.java-1.30.0-win32-x64\jre\17.0.10-win32-x86_64\bin\zip.dll
Event: 2.551 Loaded shared library C:\Users\MINEDUCYT\.vscode\extensions\redhat.java-1.30.0-win32-x64\jre\17.0.10-win32-x86_64\bin\instrument.dll
Event: 2.629 Loaded shared library C:\Users\MINEDUCYT\.vscode\extensions\redhat.java-1.30.0-win32-x64\jre\17.0.10-win32-x86_64\bin\net.dll
Event: 2.639 Loaded shared library C:\Users\MINEDUCYT\.vscode\extensions\redhat.java-1.30.0-win32-x64\jre\17.0.10-win32-x86_64\bin\nio.dll
Event: 2.747 Loaded shared library C:\Users\MINEDUCYT\.vscode\extensions\redhat.java-1.30.0-win32-x64\jre\17.0.10-win32-x86_64\bin\zip.dll
Event: 2.853 Loaded shared library C:\Users\MINEDUCYT\.vscode\extensions\redhat.java-1.30.0-win32-x64\jre\17.0.10-win32-x86_64\bin\jimage.dll
Event: 3.439 Loaded shared library c:\Users\MINEDUCYT\.vscode\extensions\redhat.java-1.30.0-win32-x64\jre\17.0.10-win32-x86_64\bin\verify.dll
Event: 11.537 Loaded shared library C:\Users\MINEDUCYT\AppData\Roaming\Code\User\globalStorage\redhat.java\1.30.0\config_win\org.eclipse.equinox.launcher\org.eclipse.equinox.launcher.win32.win32.x86_64_1.2.900.v20240213-1244\eclipse_11900.dll
Event: 35.204 Loaded shared library C:\Users\MINEDUCYT\AppData\Local\Temp\jna--812283910\jna10480447703551449511.dll
Event: 67.276 Loaded shared library C:\Users\MINEDUCYT\.vscode\extensions\redhat.java-1.30.0-win32-x64\jre\17.0.10-win32-x86_64\bin\sunmscapi.dll

Deoptimization events (20 events):
Event: 113.111 Thread 0x000001b3150b6440 Uncommon trap: trap_request=0xffffff45 fr.pc=0x000001b307ec9fa4 relative=0x0000000000000104
Event: 113.111 Thread 0x000001b3150b6440 Uncommon trap: reason=unstable_if action=reinterpret pc=0x000001b307ec9fa4 method=org.eclipse.jdt.internal.core.index.EntryResult.<init>([CLjava/lang/Object;)V @ 10 c2
Event: 113.111 Thread 0x000001b3150b6440 DEOPT PACKING pc=0x000001b307ec9fa4 sp=0x00000073d6cfee00
Event: 113.111 Thread 0x000001b3150b6440 DEOPT UNPACKING pc=0x000001b30758669d sp=0x00000073d6cfeda0 mode 2
Event: 113.135 Thread 0x000001b3150b6440 Uncommon trap: trap_request=0xffffff45 fr.pc=0x000001b308105054 relative=0x0000000000001bf4
Event: 113.135 Thread 0x000001b3150b6440 Uncommon trap: reason=unstable_if action=reinterpret pc=0x000001b308105054 method=org.eclipse.jdt.internal.core.index.DiskIndex.writeAllDocumentNames([Ljava/lang/String;Ljava/io/FileOutputStream;)V @ 163 c2
Event: 113.135 Thread 0x000001b3150b6440 DEOPT PACKING pc=0x000001b308105054 sp=0x00000073d6cfee90
Event: 113.135 Thread 0x000001b3150b6440 DEOPT UNPACKING pc=0x000001b30758669d sp=0x00000073d6cfee58 mode 2
Event: 113.135 Thread 0x000001b3150b6440 Uncommon trap: trap_request=0xffffff45 fr.pc=0x000001b3081270a8 relative=0x0000000000001108
Event: 113.135 Thread 0x000001b3150b6440 Uncommon trap: reason=unstable_if action=reinterpret pc=0x000001b3081270a8 method=org.eclipse.jdt.internal.core.index.DiskIndex.writeDocumentNumbers([ILjava/io/FileOutputStream;)V @ 20 c2
Event: 113.135 Thread 0x000001b3150b6440 DEOPT PACKING pc=0x000001b3081270a8 sp=0x00000073d6cfedb0
Event: 113.135 Thread 0x000001b3150b6440 DEOPT UNPACKING pc=0x000001b30758669d sp=0x00000073d6cfed68 mode 2
Event: 113.165 Thread 0x000001b3150b6440 Uncommon trap: trap_request=0xffffff45 fr.pc=0x000001b307affb2c relative=0x000000000000048c
Event: 113.165 Thread 0x000001b3150b6440 Uncommon trap: reason=unstable_if action=reinterpret pc=0x000001b307affb2c method=org.eclipse.jdt.internal.core.index.DiskIndex.readStreamDocumentArray(Ljava/io/InputStream;I)[I @ 17 c2
Event: 113.165 Thread 0x000001b3150b6440 DEOPT PACKING pc=0x000001b307affb2c sp=0x00000073d6cfec40
Event: 113.165 Thread 0x000001b3150b6440 DEOPT UNPACKING pc=0x000001b30758669d sp=0x00000073d6cfebf0 mode 2
Event: 166.732 Thread 0x000001b316990810 Uncommon trap: trap_request=0xffffff45 fr.pc=0x000001b3080a1824 relative=0x0000000000000084
Event: 166.732 Thread 0x000001b316990810 Uncommon trap: reason=unstable_if action=reinterpret pc=0x000001b3080a1824 method=java.util.LinkedHashMap.afterNodeInsertion(Z)V @ 18 c2
Event: 166.732 Thread 0x000001b316990810 DEOPT PACKING pc=0x000001b3080a1824 sp=0x00000073d7efe920
Event: 166.732 Thread 0x000001b316990810 DEOPT UNPACKING pc=0x000001b30758669d sp=0x00000073d7efe8a0 mode 2

Classes unloaded (14 events):
Event: 30.899 Thread 0x000001b37b850200 Unloading class 0x00000001002f9400 'java/lang/invoke/LambdaForm$MH+0x00000001002f9400'
Event: 30.899 Thread 0x000001b37b850200 Unloading class 0x00000001002f9000 'java/lang/invoke/LambdaForm$MH+0x00000001002f9000'
Event: 30.899 Thread 0x000001b37b850200 Unloading class 0x00000001002f2800 'java/lang/invoke/LambdaForm$MH+0x00000001002f2800'
Event: 30.899 Thread 0x000001b37b850200 Unloading class 0x00000001002f2400 'java/lang/invoke/LambdaForm$MH+0x00000001002f2400'
Event: 30.899 Thread 0x000001b37b850200 Unloading class 0x00000001002f1800 'java/lang/invoke/LambdaForm$MH+0x00000001002f1800'
Event: 30.899 Thread 0x000001b37b850200 Unloading class 0x00000001002f1400 'java/lang/invoke/LambdaForm$DMH+0x00000001002f1400'
Event: 30.899 Thread 0x000001b37b850200 Unloading class 0x00000001002f0400 'java/lang/invoke/LambdaForm$MH+0x00000001002f0400'
Event: 30.899 Thread 0x000001b37b850200 Unloading class 0x0000000100258400 'java/lang/invoke/LambdaForm$MH+0x0000000100258400'
Event: 30.899 Thread 0x000001b37b850200 Unloading class 0x0000000100258000 'java/lang/invoke/LambdaForm$MH+0x0000000100258000'
Event: 30.899 Thread 0x000001b37b850200 Unloading class 0x0000000100253c00 'java/lang/invoke/LambdaForm$MH+0x0000000100253c00'
Event: 30.899 Thread 0x000001b37b850200 Unloading class 0x0000000100253800 'java/lang/invoke/LambdaForm$MH+0x0000000100253800'
Event: 30.899 Thread 0x000001b37b850200 Unloading class 0x0000000100253400 'java/lang/invoke/LambdaForm$BMH+0x0000000100253400'
Event: 30.899 Thread 0x000001b37b850200 Unloading class 0x0000000100253000 'java/lang/invoke/LambdaForm$DMH+0x0000000100253000'
Event: 30.899 Thread 0x000001b37b850200 Unloading class 0x0000000100250400 'java/lang/invoke/LambdaForm$DMH+0x0000000100250400'

Classes redefined (0 events):
No events

Internal exceptions (20 events):
Event: 66.169 Thread 0x000001b31698da80 Exception <a 'java/lang/NoSuchMethodError'{0x00000000eb97c2f8}: 'java.lang.Object java.lang.invoke.DirectMethodHandle$Holder.newInvokeSpecial(java.lang.Object, java.lang.Object, java.lang.Object, int)'> (0x00000000eb97c2f8) 
thrown [s\src\hotspot\share\interpreter\linkResolver.cpp, line 759]
Event: 66.172 Thread 0x000001b31698da80 Exception <a 'java/lang/NoSuchMethodError'{0x00000000eb9a8d20}: 'java.lang.Object java.lang.invoke.DirectMethodHandle$Holder.invokeSpecial(java.lang.Object, java.lang.Object, java.lang.Object, java.lang.Object, int)'> (0x00000000eb9a8d20) 
thrown [s\src\hotspot\share\interpreter\linkResolver.cpp, line 759]
Event: 66.204 Thread 0x000001b31698da80 Exception <a 'java/lang/NoSuchMethodError'{0x00000000eb9ac428}: 'java.lang.Object java.lang.invoke.Invokers$Holder.linkToTargetMethod(java.lang.Object, java.lang.Object, int, java.lang.Object)'> (0x00000000eb9ac428) 
thrown [s\src\hotspot\share\interpreter\linkResolver.cpp, line 759]
Event: 66.903 Thread 0x000001b31698c640 Exception <a 'java/lang/NoSuchMethodError'{0x00000000eaf07638}: 'java.lang.Object java.lang.invoke.DirectMethodHandle$Holder.invokeStatic(java.lang.Object, int, java.lang.Object)'> (0x00000000eaf07638) 
thrown [s\src\hotspot\share\interpreter\linkResolver.cpp, line 759]
Event: 68.943 Thread 0x000001b31698f8e0 Exception <a 'sun/nio/fs/WindowsException'{0x00000000eae208d8}> (0x00000000eae208d8) 
thrown [s\src\hotspot\share\prims\jni.cpp, line 516]
Event: 69.033 Thread 0x000001b31698da80 Exception <a 'sun/nio/fs/WindowsException'{0x00000000eafb69c0}> (0x00000000eafb69c0) 
thrown [s\src\hotspot\share\prims\jni.cpp, line 516]
Event: 69.054 Thread 0x000001b31698da80 Exception <a 'sun/nio/fs/WindowsException'{0x00000000eb0dbbe8}> (0x00000000eb0dbbe8) 
thrown [s\src\hotspot\share\prims\jni.cpp, line 516]
Event: 69.233 Thread 0x000001b3169893a0 Exception <a 'java/lang/NoSuchMethodError'{0x00000000eb641c50}: 'java.lang.Object java.lang.invoke.DirectMethodHandle$Holder.newInvokeSpecial(java.lang.Object, java.lang.Object, java.lang.Object, java.lang.Object, java.lang.Object, java.lang.Object)'> (0x00000000eb641c50) 
thrown [s\src\hotspot\share\interpreter\linkResolver.cpp, line 759]
Event: 69.290 Thread 0x000001b31698c640 Exception <a 'java/io/FileNotFoundException'{0x00000000eb6c6a08}> (0x00000000eb6c6a08) 
thrown [s\src\hotspot\share\prims\jni.cpp, line 516]
Event: 69.291 Thread 0x000001b31698c640 Exception <a 'java/io/FileNotFoundException'{0x00000000eb6c7a80}> (0x00000000eb6c7a80) 
thrown [s\src\hotspot\share\prims\jni.cpp, line 516]
Event: 71.893 Thread 0x000001b3150b6440 Implicit null exception at 0x000001b307eadc9c to 0x000001b307eb0b78
Event: 75.022 Thread 0x000001b316990810 Implicit null exception at 0x000001b307df35a1 to 0x000001b307df36f4
Event: 75.382 Thread 0x000001b316990810 Exception <a 'java/lang/NoSuchMethodError'{0x00000000eaec7a60}: 'java.lang.Object java.lang.invoke.DirectMethodHandle$Holder.invokeStatic(java.lang.Object, int, java.lang.Object, java.lang.Object, java.lang.Object, java.lang.Object)'> (0x00000000eaec7a60) 
thrown [s\src\hotspot\share\interpreter\linkResolver.cpp, line 759]
Event: 75.454 Thread 0x000001b3169893a0 Exception <a 'java/lang/ArrayIndexOutOfBoundsException'{0x00000000eae242b8}> (0x00000000eae242b8) 
thrown [s\src\hotspot\share\runtime\sharedRuntime.cpp, line 631]
Event: 78.275 Thread 0x000001b3150b6440 Implicit null exception at 0x000001b307faa3e2 to 0x000001b307fb0654
Event: 79.568 Thread 0x000001b316990810 Exception <a 'java/lang/ArrayIndexOutOfBoundsException'{0x00000000eab08338}> (0x00000000eab08338) 
thrown [s\src\hotspot\share\runtime\sharedRuntime.cpp, line 631]
Event: 83.186 Thread 0x000001b316990810 Exception <a 'java/lang/ArrayIndexOutOfBoundsException'{0x00000000eab16028}> (0x00000000eab16028) 
thrown [s\src\hotspot\share\runtime\sharedRuntime.cpp, line 631]
Event: 90.574 Thread 0x000001b316990810 Exception <a 'java/lang/ArrayIndexOutOfBoundsException'{0x00000000eae889d0}> (0x00000000eae889d0) 
thrown [s\src\hotspot\share\runtime\sharedRuntime.cpp, line 631]
Event: 112.388 Thread 0x000001b3150b6440 Exception <a 'sun/nio/fs/WindowsException'{0x00000000eb2c7670}> (0x00000000eb2c7670) 
thrown [s\src\hotspot\share\prims\jni.cpp, line 516]
Event: 113.154 Thread 0x000001b3150b6440 Exception <a 'sun/nio/fs/WindowsException'{0x00000000eb0549b0}> (0x00000000eb0549b0) 
thrown [s\src\hotspot\share\prims\jni.cpp, line 516]

VM Operations (20 events):
Event: 112.704 Executing VM operation: HandshakeAllThreads
Event: 112.704 Executing VM operation: HandshakeAllThreads done
Event: 112.751 Executing VM operation: ParallelGCFailedAllocation
Event: 112.771 Executing VM operation: ParallelGCFailedAllocation done
Event: 112.806 Executing VM operation: HandshakeAllThreads
Event: 112.806 Executing VM operation: HandshakeAllThreads done
Event: 112.812 Executing VM operation: ParallelGCFailedAllocation
Event: 112.831 Executing VM operation: ParallelGCFailedAllocation done
Event: 112.849 Executing VM operation: HandshakeAllThreads
Event: 112.849 Executing VM operation: HandshakeAllThreads done
Event: 112.925 Executing VM operation: ParallelGCFailedAllocation
Event: 112.944 Executing VM operation: ParallelGCFailedAllocation done
Event: 114.943 Executing VM operation: Cleanup
Event: 114.943 Executing VM operation: Cleanup done
Event: 120.518 Executing VM operation: HandshakeAllThreads
Event: 120.518 Executing VM operation: HandshakeAllThreads done
Event: 146.497 Executing VM operation: ParallelGCFailedAllocation
Event: 146.523 Executing VM operation: ParallelGCFailedAllocation done
Event: 166.706 Executing VM operation: Cleanup
Event: 166.706 Executing VM operation: Cleanup done

Events (20 events):
Event: 112.870 Thread 0x000001b31419f7e0 flushing nmethod 0x000001b301129f10
Event: 112.870 Thread 0x000001b31419f7e0 flushing nmethod 0x000001b30112a990
Event: 112.870 Thread 0x000001b31419f7e0 flushing nmethod 0x000001b301134890
Event: 112.870 Thread 0x000001b31419f7e0 flushing nmethod 0x000001b301134d90
Event: 112.870 Thread 0x000001b31419f7e0 flushing nmethod 0x000001b301135c10
Event: 112.870 Thread 0x000001b31419f7e0 flushing nmethod 0x000001b301137b90
Event: 112.870 Thread 0x000001b31419f7e0 flushing nmethod 0x000001b301139790
Event: 112.870 Thread 0x000001b31419f7e0 flushing nmethod 0x000001b301139d10
Event: 112.870 Thread 0x000001b31419f7e0 flushing nmethod 0x000001b30113b210
Event: 112.870 Thread 0x000001b31419f7e0 flushing nmethod 0x000001b30113bc90
Event: 112.870 Thread 0x000001b31419f7e0 flushing nmethod 0x000001b30113db90
Event: 112.870 Thread 0x000001b31419f7e0 flushing nmethod 0x000001b30113e510
Event: 112.870 Thread 0x000001b31419f7e0 flushing nmethod 0x000001b30113ef90
Event: 112.870 Thread 0x000001b31419f7e0 flushing nmethod 0x000001b30113f810
Event: 112.870 Thread 0x000001b31419f7e0 flushing nmethod 0x000001b301141410
Event: 112.870 Thread 0x000001b31419f7e0 flushing nmethod 0x000001b301143310
Event: 112.870 Thread 0x000001b31419f7e0 flushing nmethod 0x000001b301144990
Event: 112.870 Thread 0x000001b31419f7e0 flushing nmethod 0x000001b301145e90
Event: 112.870 Thread 0x000001b31419f7e0 flushing nmethod 0x000001b301147a90
Event: 112.870 Thread 0x000001b31419f7e0 flushing nmethod 0x000001b301149990


Dynamic libraries:
0x00007ff7754c0000 - 0x00007ff7754ce000 	c:\Users\MINEDUCYT\.vscode\extensions\redhat.java-1.30.0-win32-x64\jre\17.0.10-win32-x86_64\bin\java.exe
0x00007ffb5f900000 - 0x00007ffb5fb09000 	C:\WINDOWS\SYSTEM32\ntdll.dll
0x00007ffb5db70000 - 0x00007ffb5dc2e000 	C:\WINDOWS\System32\KERNEL32.DLL
0x00007ffb5cf70000 - 0x00007ffb5d2f4000 	C:\WINDOWS\System32\KERNELBASE.dll
0x00007ffb5d530000 - 0x00007ffb5d641000 	C:\WINDOWS\System32\ucrtbase.dll
0x00007ffb29b60000 - 0x00007ffb29b77000 	c:\Users\MINEDUCYT\.vscode\extensions\redhat.java-1.30.0-win32-x64\jre\17.0.10-win32-x86_64\bin\jli.dll
0x00007ffb5e510000 - 0x00007ffb5e6bd000 	C:\WINDOWS\System32\USER32.dll
0x00007ffb5cdb0000 - 0x00007ffb5cdd6000 	C:\WINDOWS\System32\win32u.dll
0x00007ffb5e900000 - 0x00007ffb5e92a000 	C:\WINDOWS\System32\GDI32.dll
0x00007ffb5ce50000 - 0x00007ffb5cf6f000 	C:\WINDOWS\System32\gdi32full.dll
0x00007ffb5d6d0000 - 0x00007ffb5d76d000 	C:\WINDOWS\System32\msvcp_win.dll
0x00007ffb27c40000 - 0x00007ffb27c5b000 	c:\Users\MINEDUCYT\.vscode\extensions\redhat.java-1.30.0-win32-x64\jre\17.0.10-win32-x86_64\bin\VCRUNTIME140.dll
0x00007ffb39150000 - 0x00007ffb393f5000 	C:\WINDOWS\WinSxS\amd64_microsoft.windows.common-controls_6595b64144ccf1df_6.0.22000.120_none_9d947278b86cc467\COMCTL32.dll
0x00007ffb5d8b0000 - 0x00007ffb5d953000 	C:\WINDOWS\System32\msvcrt.dll
0x00007ffb5e4d0000 - 0x00007ffb5e501000 	C:\WINDOWS\System32\IMM32.DLL
0x00007ffb3ff60000 - 0x00007ffb3ff6c000 	c:\Users\MINEDUCYT\.vscode\extensions\redhat.java-1.30.0-win32-x64\jre\17.0.10-win32-x86_64\bin\vcruntime140_1.dll
0x00007ffb0f010000 - 0x00007ffb0f09d000 	c:\Users\MINEDUCYT\.vscode\extensions\redhat.java-1.30.0-win32-x64\jre\17.0.10-win32-x86_64\bin\msvcp140.dll
0x00007ffaf39f0000 - 0x00007ffaf4652000 	c:\Users\MINEDUCYT\.vscode\extensions\redhat.java-1.30.0-win32-x64\jre\17.0.10-win32-x86_64\bin\server\jvm.dll
0x00007ffb5f530000 - 0x00007ffb5f5df000 	C:\WINDOWS\System32\ADVAPI32.dll
0x00007ffb5e830000 - 0x00007ffb5e8ce000 	C:\WINDOWS\System32\sechost.dll
0x00007ffb5f670000 - 0x00007ffb5f791000 	C:\WINDOWS\System32\RPCRT4.dll
0x00007ffb5cc80000 - 0x00007ffb5cccd000 	C:\WINDOWS\SYSTEM32\POWRPROF.dll
0x00007ffb492b0000 - 0x00007ffb492b9000 	C:\WINDOWS\SYSTEM32\WSOCK32.dll
0x00007ffb5d960000 - 0x00007ffb5d9cf000 	C:\WINDOWS\System32\WS2_32.dll
0x00007ffb530a0000 - 0x00007ffb530d3000 	C:\WINDOWS\SYSTEM32\WINMM.dll
0x00007ffb519d0000 - 0x00007ffb519da000 	C:\WINDOWS\SYSTEM32\VERSION.dll
0x00007ffb5cc60000 - 0x00007ffb5cc73000 	C:\WINDOWS\SYSTEM32\UMPDC.dll
0x00007ffb5bdf0000 - 0x00007ffb5be08000 	C:\WINDOWS\SYSTEM32\kernel.appcore.dll
0x00007ffb3fa10000 - 0x00007ffb3fa1a000 	c:\Users\MINEDUCYT\.vscode\extensions\redhat.java-1.30.0-win32-x64\jre\17.0.10-win32-x86_64\bin\jimage.dll
0x00007ffb5a820000 - 0x00007ffb5aa41000 	C:\WINDOWS\SYSTEM32\DBGHELP.DLL
0x00007ffb2adb0000 - 0x00007ffb2ade1000 	C:\WINDOWS\SYSTEM32\dbgcore.DLL
0x00007ffb5d650000 - 0x00007ffb5d6cf000 	C:\WINDOWS\System32\bcryptPrimitives.dll
0x00007ffb3cba0000 - 0x00007ffb3cbae000 	c:\Users\MINEDUCYT\.vscode\extensions\redhat.java-1.30.0-win32-x64\jre\17.0.10-win32-x86_64\bin\instrument.dll
0x00007ffb19b20000 - 0x00007ffb19b45000 	c:\Users\MINEDUCYT\.vscode\extensions\redhat.java-1.30.0-win32-x64\jre\17.0.10-win32-x86_64\bin\java.dll
0x00007ffb252e0000 - 0x00007ffb252f8000 	c:\Users\MINEDUCYT\.vscode\extensions\redhat.java-1.30.0-win32-x64\jre\17.0.10-win32-x86_64\bin\zip.dll
0x00007ffb5dc50000 - 0x00007ffb5e415000 	C:\WINDOWS\System32\SHELL32.dll
0x00007ffb5ae50000 - 0x00007ffb5b6b4000 	C:\WINDOWS\SYSTEM32\windows.storage.dll
0x00007ffb5eef0000 - 0x00007ffb5f266000 	C:\WINDOWS\System32\combase.dll
0x00007ffb5ace0000 - 0x00007ffb5ae47000 	C:\WINDOWS\SYSTEM32\wintypes.dll
0x00007ffb5f440000 - 0x00007ffb5f52a000 	C:\WINDOWS\System32\SHCORE.dll
0x00007ffb5ee00000 - 0x00007ffb5ee5d000 	C:\WINDOWS\System32\shlwapi.dll
0x00007ffb5cce0000 - 0x00007ffb5cd01000 	C:\WINDOWS\SYSTEM32\profapi.dll
0x00007ffb1bf40000 - 0x00007ffb1bf59000 	C:\Users\MINEDUCYT\.vscode\extensions\redhat.java-1.30.0-win32-x64\jre\17.0.10-win32-x86_64\bin\net.dll
0x00007ffb53430000 - 0x00007ffb53543000 	C:\WINDOWS\SYSTEM32\WINHTTP.dll
0x00007ffb5c280000 - 0x00007ffb5c2e7000 	C:\WINDOWS\system32\mswsock.dll
0x00007ffb1b9e0000 - 0x00007ffb1b9f6000 	C:\Users\MINEDUCYT\.vscode\extensions\redhat.java-1.30.0-win32-x64\jre\17.0.10-win32-x86_64\bin\nio.dll
0x00007ffb3b2f0000 - 0x00007ffb3b300000 	c:\Users\MINEDUCYT\.vscode\extensions\redhat.java-1.30.0-win32-x64\jre\17.0.10-win32-x86_64\bin\verify.dll
0x00007ffb47740000 - 0x00007ffb4777e000 	C:\Users\MINEDUCYT\AppData\Roaming\Code\User\globalStorage\redhat.java\1.30.0\config_win\org.eclipse.equinox.launcher\org.eclipse.equinox.launcher.win32.win32.x86_64_1.2.900.v20240213-1244\eclipse_11900.dll
0x00007ffb5d9d0000 - 0x00007ffb5db6a000 	C:\WINDOWS\System32\ole32.dll
0x00007ffb5c550000 - 0x00007ffb5c568000 	C:\WINDOWS\SYSTEM32\CRYPTSP.dll
0x00007ffb5bd50000 - 0x00007ffb5bd85000 	C:\WINDOWS\system32\rsaenh.dll
0x00007ffb5c320000 - 0x00007ffb5c349000 	C:\WINDOWS\SYSTEM32\USERENV.dll
0x00007ffb5c6a0000 - 0x00007ffb5c6c7000 	C:\WINDOWS\SYSTEM32\bcrypt.dll
0x00007ffb5c470000 - 0x00007ffb5c47c000 	C:\WINDOWS\SYSTEM32\CRYPTBASE.dll
0x00007ffb5b910000 - 0x00007ffb5b93d000 	C:\WINDOWS\SYSTEM32\IPHLPAPI.DLL
0x00007ffb5e8f0000 - 0x00007ffb5e8f9000 	C:\WINDOWS\System32\NSI.dll
0x00007ffb52e00000 - 0x00007ffb52e19000 	C:\WINDOWS\SYSTEM32\dhcpcsvc6.DLL
0x00007ffb53fd0000 - 0x00007ffb53fee000 	C:\WINDOWS\SYSTEM32\dhcpcsvc.DLL
0x00007ffb5b980000 - 0x00007ffb5ba68000 	C:\WINDOWS\SYSTEM32\DNSAPI.dll
0x00007ffb19000000 - 0x00007ffb19045000 	C:\Users\MINEDUCYT\AppData\Local\Temp\jna--812283910\jna10480447703551449511.dll
0x00007ffb5f430000 - 0x00007ffb5f438000 	C:\WINDOWS\System32\PSAPI.DLL
0x00007ffb53150000 - 0x00007ffb5315e000 	C:\Users\MINEDUCYT\.vscode\extensions\redhat.java-1.30.0-win32-x64\jre\17.0.10-win32-x86_64\bin\sunmscapi.dll
0x00007ffb5d300000 - 0x00007ffb5d46a000 	C:\WINDOWS\System32\CRYPT32.dll
0x00007ffb5c670000 - 0x00007ffb5c69a000 	C:\WINDOWS\SYSTEM32\ncrypt.dll
0x00007ffb5c630000 - 0x00007ffb5c667000 	C:\WINDOWS\SYSTEM32\NTASN1.dll

dbghelp: loaded successfully - version: 4.0.5 - missing functions: none
symbol engine: initialized successfully - sym options: 0x614 - pdb path: .;c:\Users\MINEDUCYT\.vscode\extensions\redhat.java-1.30.0-win32-x64\jre\17.0.10-win32-x86_64\bin;C:\WINDOWS\SYSTEM32;C:\WINDOWS\WinSxS\amd64_microsoft.windows.common-controls_6595b64144ccf1df_6.0.22000.120_none_9d947278b86cc467;c:\Users\MINEDUCYT\.vscode\extensions\redhat.java-1.30.0-win32-x64\jre\17.0.10-win32-x86_64\bin\server;C:\Users\MINEDUCYT\AppData\Roaming\Code\User\globalStorage\redhat.java\1.30.0\config_win\org.eclipse.equinox.launcher\org.eclipse.equinox.launcher.win32.win32.x86_64_1.2.900.v20240213-1244;C:\Users\MINEDUCYT\AppData\Local\Temp\jna--812283910

VM Arguments:
jvm_args: --add-modules=ALL-SYSTEM --add-opens=java.base/java.util=ALL-UNNAMED --add-opens=java.base/java.lang=ALL-UNNAMED --add-opens=java.base/sun.nio.fs=ALL-UNNAMED -Declipse.application=org.eclipse.jdt.ls.core.id1 -Dosgi.bundles.defaultStartLevel=4 -Declipse.product=org.eclipse.jdt.ls.core.product -Djava.import.generatesMetadataFilesAtProjectRoot=false -DDetectVMInstallationsJob.disabled=true -Dfile.encoding=utf8 -XX:+UseParallelGC -XX:GCTimeRatio=4 -XX:AdaptiveSizePolicyWeight=90 -Dsun.zip.disableMemoryMapping=true -Xmx1G -Xms100m -Xlog:disable -javaagent:c:\Users\MINEDUCYT\.vscode\extensions\redhat.java-1.30.0-win32-x64\lombok\lombok-1.18.32.jar -XX:+HeapDumpOnOutOfMemoryError -XX:HeapDumpPath=c:\Users\MINEDUCYT\AppData\Roaming\Code\User\workspaceStorage\4d20c79c3bc39e2680017df2db25c2d1\redhat.java -Daether.dependencyCollector.impl=bf 
java_command: c:\Users\MINEDUCYT\.vscode\extensions\redhat.java-1.30.0-win32-x64\server\plugins\org.eclipse.equinox.launcher_1.6.800.v20240330-1250.jar -configuration c:\Users\MINEDUCYT\AppData\Roaming\Code\User\globalStorage\redhat.java\1.30.0\config_win -data c:\Users\MINEDUCYT\AppData\Roaming\Code\User\workspaceStorage\4d20c79c3bc39e2680017df2db25c2d1\redhat.java\jdt_ws --pipe=\\.\pipe\lsp-3a321d595ea50415e8f1c52b5b20983a-sock
java_class_path (initial): c:\Users\MINEDUCYT\.vscode\extensions\redhat.java-1.30.0-win32-x64\server\plugins\org.eclipse.equinox.launcher_1.6.800.v20240330-1250.jar
Launcher Type: SUN_STANDARD

[Global flags]
    uintx AdaptiveSizePolicyWeight                 = 90                                        {product} {command line}
     intx CICompilerCount                          = 3                                         {product} {ergonomic}
    uintx GCTimeRatio                              = 4                                         {product} {command line}
     bool HeapDumpOnOutOfMemoryError               = true                                   {manageable} {command line}
    ccstr HeapDumpPath                             = c:\Users\MINEDUCYT\AppData\Roaming\Code\User\workspaceStorage\4d20c79c3bc39e2680017df2db25c2d1\redhat.java         {manageable} {command line}
   size_t InitialHeapSize                          = 104857600                                 {product} {command line}
   size_t MaxHeapSize                              = 1073741824                                {product} {command line}
   size_t MaxNewSize                               = 357564416                                 {product} {ergonomic}
   size_t MinHeapDeltaBytes                        = 524288                                    {product} {ergonomic}
   size_t MinHeapSize                              = 104857600                                 {product} {command line}
   size_t NewSize                                  = 34603008                                  {product} {ergonomic}
    uintx NonNMethodCodeHeapSize                   = 5832780                                {pd product} {ergonomic}
    uintx NonProfiledCodeHeapSize                  = 122912730                              {pd product} {ergonomic}
   size_t OldSize                                  = 70254592                                  {product} {ergonomic}
    uintx ProfiledCodeHeapSize                     = 122912730                              {pd product} {ergonomic}
    uintx ReservedCodeCacheSize                    = 251658240                              {pd product} {ergonomic}
     bool SegmentedCodeCache                       = true                                      {product} {ergonomic}
   size_t SoftMaxHeapSize                          = 1073741824                             {manageable} {ergonomic}
     bool UseCompressedClassPointers               = true                           {product lp64_product} {ergonomic}
     bool UseCompressedOops                        = true                           {product lp64_product} {ergonomic}
     bool UseLargePagesIndividualAllocation        = false                                  {pd product} {ergonomic}
     bool UseParallelGC                            = true                                      {product} {command line}

Logging:
Log output configuration:
 #0: stdout all=off uptime,level,tags
 #1: stderr all=off uptime,level,tags

Environment Variables:
JAVA_HOME=C:\Program Files\Java\jdk-21
PATH=C:\Program Files\BellSoft\LibericaJDK-21\bin\;C:\Program Files\Common Files\Oracle\Java\javapath;C:\ProgramData\Oracle\Java\javapath;C:\Program Files\Java\jdk-21\bin;C:\WINDOWS\system32;C:\WINDOWS;C:\WINDOWS\System32\Wbem;C:\WINDOWS\System32\WindowsPowerShell\v1.0\;C:\WINDOWS\System32\OpenSSH\;C:\Program Files\Microsoft SQL Server\Client SDK\ODBC\170\Tools\Binn\;C:\Program Files (x86)\Microsoft SQL Server\150\Tools\Binn\;C:\Program Files\Microsoft SQL Server\150\Tools\Binn\;C:\Program Files\Microsoft SQL Server\150\DTS\Binn\;C:\Program Files\dotnet\;C:\Users\MINEDUCYT\AppData\Local\Microsoft\WindowsApps;C:\Users\MINEDUCYT\.dotnet\tools;C:\adb;C:\Program Files\nodejs\;C:\Program Files (x86)\Microsoft SQL Server\160\DTS\Binn\;C:\Program Files\Azure Data Studio\bin;C:\Program Files\Git\cmd;C:\Users\MINEDUCYT\AppData\Local\Microsoft\WindowsApps;C:\Program Files\Azure Data Studio\bin;C:\Users\MINEDUCYT\.dotnet\tools;C:\Users\MINEDUCYT\AppData\Local\Programs\Microsoft VS Code\bin;C:\Program Files\Azure Data Studio\bin;C:\Users\MINEDUCYT\AppData\Roaming\npm;C:\Program Files\Azure Data Studio\bin;C:\flutter\bin;
USERNAME=MINEDUCYT
OS=Windows_NT
PROCESSOR_IDENTIFIER=Intel64 Family 6 Model 122 Stepping 8, GenuineIntel
TMP=C:\Users\MINEDU~1\AppData\Local\Temp
TEMP=C:\Users\MINEDU~1\AppData\Local\Temp



Periodic native trim disabled


---------------  S Y S T E M  ---------------

OS:
 Windows 11 , 64 bit Build 22000 (10.0.22000.1880)
OS uptime: 11 days 15:08 hours
Hyper-V role detected

CPU: total 4 (initial active 4) (4 cores per cpu, 1 threads per core) family 6 model 122 stepping 8 microcode 0x18, cx8, cmov, fxsr, mmx, 3dnowpref, sse, sse2, sse3, ssse3, sse4.1, sse4.2, popcnt, tsc, tscinvbit, aes, erms, clmul, sha, clflush, clflushopt, hv
Processor Information for all 4 processors :
  Max Mhz: 1101, Current Mhz: 1101, Mhz Limit: 1101

Memory: 4k page, system-wide physical 3917M (300M free)
TotalPageFile size 15693M (AvailPageFile size 5M)
current process WorkingSet (physical memory assigned to process): 527M, peak: 639M
current process commit charge ("private bytes"): 633M, peak: 648M

vm_info: OpenJDK 64-Bit Server VM (17.0.10+7) for windows-amd64 JRE (17.0.10+7), built on Jan 16 2024 23:25:11 by "admin" with MS VC++ 16.10 / 16.11 (VS2019)

END.
